1718844677612	geckodriver	INFO	Listening on 127.0.0.1:63074
1718844680673	mozrunner::runner	INFO	Running command: "C:\\Program Files\\Mozilla Firefox\\firefox.exe" "--marionette" "--remote-debugging-port" "63075" "--remote-allow-hosts" "localhost" "-no-remote" "-profile" "C:\\Users\\Daniel\\AppData\\Local\\Temp\\rust_mozprofileoOsKS9"
console.warn: services.settings: Ignoring preference override of remote settings server
console.warn: services.settings: Allow by setting MOZ_REMOTE_SETTINGS_DEVTOOLS=1 in the environment
Dynamically enable window occlusion 0
1718844680955	Marionette	INFO	Marionette enabled
1718844681112	Marionette	INFO	Listening on port 63082
WebDriver BiDi listening on ws://127.0.0.1:63075
Read port: 63082
1718844681294	RemoteAgent	WARN	TLS certificate errors will be ignored for this session
DevTools listening on ws://127.0.0.1:63075/devtools/browser/939b9c1a-87bd-4325-8470-5fffdc48d03d
console.error: ({})
console.error: ({})
console.warn: LoginRecipes: "Falling back to a synchronous message for: http://127.0.0.1:8000."
console.error: ({})
console.error: ({})
console.warn: LoginRecipes: "Falling back to a synchronous message for: http://127.0.0.1:8000."
console.error: ({})
console.error: ({})
console.error: ({})
console.error: ({})
console.error: ({})
console.warn: LoginRecipes: "Falling back to a synchronous message for: http://127.0.0.1:8000."
console.error: ({})
console.error: ({})
console.error: ({})
1718844711259	addons.xpi	ERROR	System addon update list error SyntaxError: XMLHttpRequest.open: 'http://%(server)s/dummy-system-addons.xml' is not a valid URL.
console.error: ({})
console.error: ({})
console.error: ({})
1718844746971	Marionette	INFO	Stopped listening on port 63082
Dynamically enable window occlusion 1
