1718845327888	geckodriver	INFO	Listening on 127.0.0.1:63610
1718845330959	mozrunner::runner	INFO	Running command: "C:\\Program Files\\Mozilla Firefox\\firefox.exe" "--marionette" "--remote-debugging-port" "63611" "--remote-allow-hosts" "localhost" "-no-remote" "-profile" "C:\\Users\\Daniel\\AppData\\Local\\Temp\\rust_mozprofileKsKhHY"
console.warn: services.settings: Ignoring preference override of remote settings server
console.warn: services.settings: Allow by setting MOZ_REMOTE_SETTINGS_DEVTOOLS=1 in the environment
Dynamically enable window occlusion 0
1718845331251	Marionette	INFO	Marionette enabled
1718845331404	Marionette	INFO	Listening on port 63622
WebDriver BiDi listening on ws://127.0.0.1:63611
Read port: 63622
1718845331582	RemoteAgent	WARN	TLS certificate errors will be ignored for this session
DevTools listening on ws://127.0.0.1:63611/devtools/browser/dbfe23d1-41a2-406d-82ad-3e907bed803a
console.error: ({})
console.error: ({})
console.warn: LoginRecipes: "Falling back to a synchronous message for: http://127.0.0.1:8000."
console.error: ({})
console.error: ({})
console.warn: LoginRecipes: "Falling back to a synchronous message for: http://127.0.0.1:8000."
console.error: ({})
console.error: ({})
console.error: ({})
console.error: ({})
console.error: ({})
console.warn: LoginRecipes: "Falling back to a synchronous message for: http://127.0.0.1:8000."
console.error: ({})
console.error: ({})
console.error: ({})
console.error: ({})
1718845361273	addons.xpi	ERROR	System addon update list error SyntaxError: XMLHttpRequest.open: 'http://%(server)s/dummy-system-addons.xml' is not a valid URL.
console.error: ({})
1718845385516	Marionette	INFO	Stopped listening on port 63622
Dynamically enable window occlusion 1
