1718846421887	geckodriver	INFO	Listening on 127.0.0.1:63968
1718846424982	mozrunner::runner	INFO	Running command: "C:\\Program Files\\Mozilla Firefox\\firefox.exe" "--marionette" "--remote-debugging-port" "63969" "--remote-allow-hosts" "localhost" "-no-remote" "-profile" "C:\\Users\\Daniel\\AppData\\Local\\Temp\\rust_mozprofileWmIdey"
console.warn: services.settings: Ignoring preference override of remote settings server
console.warn: services.settings: Allow by setting MOZ_REMOTE_SETTINGS_DEVTOOLS=1 in the environment
Dynamically enable window occlusion 0
1718846425416	Marionette	INFO	Marionette enabled
1718846425651	Marionette	INFO	Listening on port 63979
WebDriver BiDi listening on ws://127.0.0.1:63969
Read port: 63979
1718846425839	RemoteAgent	WARN	TLS certificate errors will be ignored for this session
DevTools listening on ws://127.0.0.1:63969/devtools/browser/e8a0995a-52d3-4730-a41c-7df62f672a97
console.error: ({})
console.error: ({})
console.warn: LoginRecipes: "Falling back to a synchronous message for: http://127.0.0.1:8000."
console.error: ({})
console.error: ({})
console.warn: LoginRecipes: "Falling back to a synchronous message for: http://127.0.0.1:8000."
console.error: ({})
console.error: ({})
console.error: ({})
console.error: ({})
console.error: ({})
console.warn: LoginRecipes: "Falling back to a synchronous message for: http://127.0.0.1:8000."
console.error: ({})
console.error: ({})
console.error: ({})
console.error: ({})
console.error: ({})
1718846455436	addons.xpi	ERROR	System addon update list error SyntaxError: XMLHttpRequest.open: 'http://%(server)s/dummy-system-addons.xml' is not a valid URL.
console.error: ({})
console.error: ({})
console.error: ({})
console.error: ({})
console.error: ({})
console.error: ({})
console.error: ({})
1718846648120	Marionette	INFO	Stopped listening on port 63979
Dynamically enable window occlusion 1
