1718847960642	geckodriver	INFO	Listening on 127.0.0.1:64826
1718847963717	mozrunner::runner	INFO	Running command: "C:\\Program Files\\Mozilla Firefox\\firefox.exe" "--marionette" "--remote-debugging-port" "64827" "--remote-allow-hosts" "localhost" "-no-remote" "-profile" "C:\\Users\\Daniel\\AppData\\Local\\Temp\\rust_mozprofileWIZaHy"
console.warn: services.settings: Ignoring preference override of remote settings server
console.warn: services.settings: Allow by setting MOZ_REMOTE_SETTINGS_DEVTOOLS=1 in the environment
Dynamically enable window occlusion 0
1718847964075	Marionette	INFO	Marionette enabled
1718847964225	Marionette	INFO	Listening on port 64834
WebDriver BiDi listening on ws://127.0.0.1:64827
Read port: 64834
1718847964425	RemoteAgent	WARN	TLS certificate errors will be ignored for this session
DevTools listening on ws://127.0.0.1:64827/devtools/browser/1985ea4b-f10c-4d59-82e4-5bf83717da70
console.error: ({})
console.error: ({})
console.warn: LoginRecipes: "Falling back to a synchronous message for: http://127.0.0.1:8000."
console.error: ({})
console.error: ({})
console.warn: LoginRecipes: "Falling back to a synchronous message for: http://127.0.0.1:8000."
console.error: ({})
console.error: ({})
console.error: ({})
console.error: ({})
console.error: ({})
console.warn: LoginRecipes: "Falling back to a synchronous message for: http://127.0.0.1:8000."
console.error: ({})
console.error: ({})
console.error: ({})
console.error: ({})
console.error: ({})
1718847994101	addons.xpi	ERROR	System addon update list error SyntaxError: XMLHttpRequest.open: 'http://%(server)s/dummy-system-addons.xml' is not a valid URL.
console.error: ({})
console.error: ({})
console.error: ({})
console.error: ({})
console.error: ({})
console.error: ({})
console.error: ({})
1718848400517	Marionette	INFO	Stopped listening on port 64834
Dynamically enable window occlusion 1
