1718848764868	geckodriver	INFO	Listening on 127.0.0.1:65109
1718848767954	mozrunner::runner	INFO	Running command: "C:\\Program Files\\Mozilla Firefox\\firefox.exe" "--marionette" "--remote-debugging-port" "65110" "--remote-allow-hosts" "localhost" "-no-remote" "-profile" "C:\\Users\\Daniel\\AppData\\Local\\Temp\\rust_mozprofilen6d5cI"
console.warn: services.settings: Ignoring preference override of remote settings server
console.warn: services.settings: Allow by setting MOZ_REMOTE_SETTINGS_DEVTOOLS=1 in the environment
Dynamically enable window occlusion 0
1718848768362	Marionette	INFO	Marionette enabled
1718848768527	Marionette	INFO	Listening on port 65117
WebDriver BiDi listening on ws://127.0.0.1:65110
Read port: 65117
1718848768717	RemoteAgent	WARN	TLS certificate errors will be ignored for this session
DevTools listening on ws://127.0.0.1:65110/devtools/browser/a0cb2b2c-38ca-4db0-9bdb-784d22b3ea41
console.error: ({})
console.error: ({})
console.warn: LoginRecipes: "Falling back to a synchronous message for: http://127.0.0.1:8000."
console.error: ({})
console.error: ({})
console.warn: LoginRecipes: "Falling back to a synchronous message for: http://127.0.0.1:8000."
console.error: ({})
console.error: ({})
console.error: ({})
console.error: ({})
console.error: ({})
console.warn: LoginRecipes: "Falling back to a synchronous message for: http://127.0.0.1:8000."
console.error: ({})
console.error: ({})
console.error: ({})
console.error: ({})
console.error: ({})
1718848798432	addons.xpi	ERROR	System addon update list error SyntaxError: XMLHttpRequest.open: 'http://%(server)s/dummy-system-addons.xml' is not a valid URL.
console.error: ({})
console.error: ({})
console.error: ({})
console.error: ({})
console.error: ({})
console.error: ({})
console.error: ({})
console.error: ({})
console.error: ({})
console.error: ({})
1718848918534	Marionette	INFO	Stopped listening on port 65117
Dynamically enable window occlusion 1
